<?xml version="1.0" encoding="UTF-8"?>
<!-- Generated by org.testng.reporters.JUnitReportReporter -->
<testsuite hostname="LAPTOP-2GMD4EUC" failures="0" tests="1" name="testCases.HybridExceuteTestCase" time="16.705" errors="1" timestamp="03 Oct 2019 02:22:29 GMT" skipped="0">
  <testcase classname="testCases.HybridExceuteTestCase" name="SetUp" time="16.705">
    <error message="session not created
from chrome not reachable
  (Session info: chrome=77.0.3865.90)
Build info: version: &#039;3.141.59&#039;, revision: &#039;e82be7d358&#039;, time: &#039;2018-11-14T08:17:03&#039;
System info: host: &#039;LAPTOP-2GMD4EUC&#039;, ip: &#039;192.168.1.139&#039;, os.name: &#039;Windows 10&#039;, os.arch: &#039;amd64&#039;, os.version: &#039;10.0&#039;, java.version: &#039;11.0.3&#039;
Driver info: driver.version: ChromeDriver
remote stacktrace: Backtrace:
	Ordinal0 [0x00C3EB13+1501971]
	Ordinal0 [0x00BBF6D1+980689]
	Ordinal0 [0x00B47508+488712]
	Ordinal0 [0x00B4131A+463642]
	Ordinal0 [0x00B419C8+465352]
	Ordinal0 [0x00B42AA5+469669]
	Ordinal0 [0x00B3EC85+453765]
	Ordinal0 [0x00B48330+492336]
	Ordinal0 [0x00AFA108+172296]
	Ordinal0 [0x00AF942D+169005]
	Ordinal0 [0x00AF78EB+162027]
	Ordinal0 [0x00AE0AC7+68295]
	Ordinal0 [0x00AE1B40+72512]
	Ordinal0 [0x00AE1AD9+72409]
	Ordinal0 [0x00BD8F37+1085239]
	GetHandleVerifier [0x00CDD7ED+503293]
	GetHandleVerifier [0x00CDD580+502672]
	GetHandleVerifier [0x00CE46AC+531644]
	GetHandleVerifier [0x00CDDFFA+505354]
	Ordinal0 [0x00BD0606+1050118]
	Ordinal0 [0x00BD047F+1049727]
	Ordinal0 [0x00BDAF9B+1093531]
	Ordinal0 [0x00BDB103+1093891]
	Ordinal0 [0x00BDA095+1089685]
	BaseThreadInitThunk [0x74DF6359+25]
	RtlGetAppContainerNamedObjectPath [0x774A7B74+228]
	RtlGetAppContainerNamedObjectPath [0x774A7B44+180]
" type="org.openqa.selenium.SessionNotCreatedException">
      <![CDATA[org.openqa.selenium.SessionNotCreatedException: session not created
from chrome not reachable
  (Session info: chrome=77.0.3865.90)
Build info: version: '3.141.59', revision: 'e82be7d358', time: '2018-11-14T08:17:03'
System info: host: 'LAPTOP-2GMD4EUC', ip: '192.168.1.139', os.name: 'Windows 10', os.arch: 'amd64', os.version: '10.0', java.version: '11.0.3'
Driver info: driver.version: ChromeDriver
remote stacktrace: Backtrace:
Ordinal0 [0x00C3EB13+1501971]
Ordinal0 [0x00BBF6D1+980689]
Ordinal0 [0x00B47508+488712]
Ordinal0 [0x00B4131A+463642]
Ordinal0 [0x00B419C8+465352]
Ordinal0 [0x00B42AA5+469669]
Ordinal0 [0x00B3EC85+453765]
Ordinal0 [0x00B48330+492336]
Ordinal0 [0x00AFA108+172296]
Ordinal0 [0x00AF942D+169005]
Ordinal0 [0x00AF78EB+162027]
Ordinal0 [0x00AE0AC7+68295]
Ordinal0 [0x00AE1B40+72512]
Ordinal0 [0x00AE1AD9+72409]
Ordinal0 [0x00BD8F37+1085239]
GetHandleVerifier [0x00CDD7ED+503293]
GetHandleVerifier [0x00CDD580+502672]
GetHandleVerifier [0x00CE46AC+531644]
GetHandleVerifier [0x00CDDFFA+505354]
Ordinal0 [0x00BD0606+1050118]
Ordinal0 [0x00BD047F+1049727]
Ordinal0 [0x00BDAF9B+1093531]
Ordinal0 [0x00BDB103+1093891]
Ordinal0 [0x00BDA095+1089685]
BaseThreadInitThunk [0x74DF6359+25]
RtlGetAppContainerNamedObjectPath [0x774A7B74+228]
RtlGetAppContainerNamedObjectPath [0x774A7B44+180]

at java.base/jdk.internal.reflect.NativeConstructorAccessorImpl.newInstance0(Native Method)
at java.base/jdk.internal.reflect.NativeConstructorAccessorImpl.newInstance(NativeConstructorAccessorImpl.java:62)
at java.base/jdk.internal.reflect.DelegatingConstructorAccessorImpl.newInstance(DelegatingConstructorAccessorImpl.java:45)
at java.base/java.lang.reflect.Constructor.newInstance(Constructor.java:490)
at org.openqa.selenium.remote.W3CHandshakeResponse.lambda$errorHandler$0(W3CHandshakeResponse.java:62)
at org.openqa.selenium.remote.HandshakeResponse.lambda$getResponseFunction$0(HandshakeResponse.java:30)
at org.openqa.selenium.remote.ProtocolHandshake.lambda$createSession$0(ProtocolHandshake.java:126)
at java.base/java.util.stream.ReferencePipeline$3$1.accept(ReferencePipeline.java:195)
at java.base/java.util.Spliterators$ArraySpliterator.tryAdvance(Spliterators.java:958)
at java.base/java.util.stream.ReferencePipeline.forEachWithCancel(ReferencePipeline.java:127)
at java.base/java.util.stream.AbstractPipeline.copyIntoWithCancel(AbstractPipeline.java:502)
at java.base/java.util.stream.AbstractPipeline.copyInto(AbstractPipeline.java:488)
at java.base/java.util.stream.AbstractPipeline.wrapAndCopyInto(AbstractPipeline.java:474)
at java.base/java.util.stream.FindOps$FindOp.evaluateSequential(FindOps.java:150)
at java.base/java.util.stream.AbstractPipeline.evaluate(AbstractPipeline.java:234)
at java.base/java.util.stream.ReferencePipeline.findFirst(ReferencePipeline.java:543)
at org.openqa.selenium.remote.ProtocolHandshake.createSession(ProtocolHandshake.java:128)
at org.openqa.selenium.remote.ProtocolHandshake.createSession(ProtocolHandshake.java:74)
at org.openqa.selenium.remote.HttpCommandExecutor.execute(HttpCommandExecutor.java:136)
at org.openqa.selenium.remote.service.DriverCommandExecutor.execute(DriverCommandExecutor.java:83)
at org.openqa.selenium.remote.RemoteWebDriver.execute(RemoteWebDriver.java:552)
at org.openqa.selenium.remote.RemoteWebDriver.startSession(RemoteWebDriver.java:213)
at org.openqa.selenium.remote.RemoteWebDriver.<init>(RemoteWebDriver.java:131)
at org.openqa.selenium.chrome.ChromeDriver.<init>(ChromeDriver.java:181)
at org.openqa.selenium.chrome.ChromeDriver.<init>(ChromeDriver.java:168)
at org.openqa.selenium.chrome.ChromeDriver.<init>(ChromeDriver.java:123)
at operations.AbstractClass.SetUp(AbstractClass.java:40)
at java.base/jdk.internal.reflect.NativeMethodAccessorImpl.invoke0(Native Method)
at java.base/jdk.internal.reflect.NativeMethodAccessorImpl.invoke(NativeMethodAccessorImpl.java:62)
at java.base/jdk.internal.reflect.DelegatingMethodAccessorImpl.invoke(DelegatingMethodAccessorImpl.java:43)
at java.base/java.lang.reflect.Method.invoke(Method.java:566)
at org.testng.internal.MethodInvocationHelper.invokeMethod(MethodInvocationHelper.java:124)
at org.testng.internal.MethodInvocationHelper.invokeMethodConsideringTimeout(MethodInvocationHelper.java:59)
at org.testng.internal.Invoker.invokeConfigurationMethod(Invoker.java:455)
at org.testng.internal.Invoker.invokeConfigurations(Invoker.java:222)
at org.testng.internal.Invoker.invokeConfigurations(Invoker.java:142)
at org.testng.TestRunner.beforeRun(TestRunner.java:529)
at org.testng.TestRunner.run(TestRunner.java:497)
at org.testng.SuiteRunner.runTest(SuiteRunner.java:455)
at org.testng.SuiteRunner.runSequentially(SuiteRunner.java:450)
at org.testng.SuiteRunner.privateRun(SuiteRunner.java:415)
at org.testng.SuiteRunner.run(SuiteRunner.java:364)
at org.testng.SuiteRunnerWorker.runSuite(SuiteRunnerWorker.java:52)
at org.testng.SuiteRunnerWorker.run(SuiteRunnerWorker.java:84)
at org.testng.TestNG.runSuitesSequentially(TestNG.java:1208)
at org.testng.TestNG.runSuitesLocally(TestNG.java:1137)
at org.testng.TestNG.runSuites(TestNG.java:1049)
at org.testng.TestNG.run(TestNG.java:1017)
at org.apache.maven.surefire.testng.TestNGExecutor.run(TestNGExecutor.java:77)
at org.apache.maven.surefire.testng.TestNGDirectoryTestSuite.execute(TestNGDirectoryTestSuite.java:110)
at org.apache.maven.surefire.testng.TestNGProvider.invoke(TestNGProvider.java:106)
at java.base/jdk.internal.reflect.NativeMethodAccessorImpl.invoke0(Native Method)
at java.base/jdk.internal.reflect.NativeMethodAccessorImpl.invoke(NativeMethodAccessorImpl.java:62)
at java.base/jdk.internal.reflect.DelegatingMethodAccessorImpl.invoke(DelegatingMethodAccessorImpl.java:43)
at java.base/java.lang.reflect.Method.invoke(Method.java:566)
at org.apache.maven.surefire.util.ReflectionUtils.invokeMethodWithArray(ReflectionUtils.java:189)
at org.apache.maven.surefire.booter.ProviderFactory$ProviderProxy.invoke(ProviderFactory.java:165)
at org.apache.maven.surefire.booter.ProviderFactory.invokeProvider(ProviderFactory.java:85)
at org.apache.maven.surefire.booter.ForkedBooter.runSuitesInProcess(ForkedBooter.java:115)
at org.apache.maven.surefire.booter.ForkedBooter.main(ForkedBooter.java:75)
]]>
    </error>
  </testcase> <!-- SetUp -->
</testsuite> <!-- testCases.HybridExceuteTestCase -->
