<?xml version="1.0" encoding="UTF-8"?>
<!-- Generated by org.testng.reporters.JUnitXMLReporter -->
<testsuite ignored="0" hostname="LAPTOP-2GMD4EUC" failures="0" tests="0" time="16.72" errors="0" timestamp="03 Oct 2019 02:22:29 GMT">
  <testcase classname="operations.AbstractClass" name="@BeforeTest SetUp" time="16.705">
    <failure type="org.openqa.selenium.SessionNotCreatedException" message="session not created
from chrome not reachable
  (Session info: chrome=77.0.3865.90)
Build info: version: &amp;apos;3.141.59&amp;apos;, revision: &amp;apos;e82be7d358&amp;apos;, time: &amp;apos;2018-11-14T08:17:03&amp;apos;
System info: host: &amp;apos;LAPTOP-2GMD4EUC&amp;apos;, ip: &amp;apos;192.168.1.139&amp;apos;, os.name: &amp;apos;Windows 10&amp;apos;, os.arch: &amp;apos;amd64&amp;apos;, os.version: &amp;apos;10.0&amp;apos;, java.version: &amp;apos;11.0.3&amp;apos;
Driver info: driver.version: ChromeDriver
remote stacktrace: Backtrace:
	Ordinal0 [0x00C3EB13+1501971]
	Ordinal0 [0x00BBF6D1+980689]
	Ordinal0 [0x00B47508+488712]
	Ordinal0 [0x00B4131A+463642]
	Ordinal0 [0x00B419C8+465352]
	Ordinal0 [0x00B42AA5+469669]
	Ordinal0 [0x00B3EC85+453765]
	Ordinal0 [0x00B48330+492336]
	Ordinal0 [0x00AFA108+172296]
	Ordinal0 [0x00AF942D+169005]
	Ordinal0 [0x00AF78EB+162027]
	Ordinal0 [0x00AE0AC7+68295]
	Ordinal0 [0x00AE1B40+72512]
	Ordinal0 [0x00AE1AD9+72409]
	Ordinal0 [0x00BD8F37+1085239]
	GetHandleVerifier [0x00CDD7ED+503293]
	GetHandleVerifier [0x00CDD580+502672]
	GetHandleVerifier [0x00CE46AC+531644]
	GetHandleVerifier [0x00CDDFFA+505354]
	Ordinal0 [0x00BD0606+1050118]
	Ordinal0 [0x00BD047F+1049727]
	Ordinal0 [0x00BDAF9B+1093531]
	Ordinal0 [0x00BDB103+1093891]
	Ordinal0 [0x00BDA095+1089685]
	BaseThreadInitThunk [0x74DF6359+25]
	RtlGetAppContainerNamedObjectPath [0x774A7B74+228]
	RtlGetAppContainerNamedObjectPath [0x774A7B44+180]
">
      <![CDATA[org.openqa.selenium.SessionNotCreatedException: session not created
from chrome not reachable
  (Session info: chrome=77.0.3865.90)
Build info: version: '3.141.59', revision: 'e82be7d358', time: '2018-11-14T08:17:03'
System info: host: 'LAPTOP-2GMD4EUC', ip: '192.168.1.139', os.name: 'Windows 10', os.arch: 'amd64', os.version: '10.0', java.version: '11.0.3'
Driver info: driver.version: ChromeDriver
remote stacktrace: Backtrace:
Ordinal0 [0x00C3EB13+1501971]
Ordinal0 [0x00BBF6D1+980689]
Ordinal0 [0x00B47508+488712]
Ordinal0 [0x00B4131A+463642]
Ordinal0 [0x00B419C8+465352]
Ordinal0 [0x00B42AA5+469669]
Ordinal0 [0x00B3EC85+453765]
Ordinal0 [0x00B48330+492336]
Ordinal0 [0x00AFA108+172296]
Ordinal0 [0x00AF942D+169005]
Ordinal0 [0x00AF78EB+162027]
Ordinal0 [0x00AE0AC7+68295]
Ordinal0 [0x00AE1B40+72512]
Ordinal0 [0x00AE1AD9+72409]
Ordinal0 [0x00BD8F37+1085239]
GetHandleVerifier [0x00CDD7ED+503293]
GetHandleVerifier [0x00CDD580+502672]
GetHandleVerifier [0x00CE46AC+531644]
GetHandleVerifier [0x00CDDFFA+505354]
Ordinal0 [0x00BD0606+1050118]
Ordinal0 [0x00BD047F+1049727]
Ordinal0 [0x00BDAF9B+1093531]
Ordinal0 [0x00BDB103+1093891]
Ordinal0 [0x00BDA095+1089685]
BaseThreadInitThunk [0x74DF6359+25]
RtlGetAppContainerNamedObjectPath [0x774A7B74+228]
RtlGetAppContainerNamedObjectPath [0x774A7B44+180]

at org.openqa.selenium.remote.W3CHandshakeResponse.lambda$errorHandler$0(W3CHandshakeResponse.java:62)
at org.openqa.selenium.remote.HandshakeResponse.lambda$getResponseFunction$0(HandshakeResponse.java:30)
at org.openqa.selenium.remote.ProtocolHandshake.lambda$createSession$0(ProtocolHandshake.java:126)
at java.base/java.util.stream.ReferencePipeline$3$1.accept(ReferencePipeline.java:195)
at java.base/java.util.Spliterators$ArraySpliterator.tryAdvance(Spliterators.java:958)
at java.base/java.util.stream.ReferencePipeline.forEachWithCancel(ReferencePipeline.java:127)
at java.base/java.util.stream.AbstractPipeline.copyIntoWithCancel(AbstractPipeline.java:502)
at java.base/java.util.stream.AbstractPipeline.copyInto(AbstractPipeline.java:488)
at java.base/java.util.stream.AbstractPipeline.wrapAndCopyInto(AbstractPipeline.java:474)
at java.base/java.util.stream.FindOps$FindOp.evaluateSequential(FindOps.java:150)
at java.base/java.util.stream.AbstractPipeline.evaluate(AbstractPipeline.java:234)
at java.base/java.util.stream.ReferencePipeline.findFirst(ReferencePipeline.java:543)
at org.openqa.selenium.remote.ProtocolHandshake.createSession(ProtocolHandshake.java:128)
at org.openqa.selenium.remote.ProtocolHandshake.createSession(ProtocolHandshake.java:74)
at org.openqa.selenium.remote.HttpCommandExecutor.execute(HttpCommandExecutor.java:136)
at org.openqa.selenium.remote.service.DriverCommandExecutor.execute(DriverCommandExecutor.java:83)
at org.openqa.selenium.remote.RemoteWebDriver.execute(RemoteWebDriver.java:552)
at org.openqa.selenium.remote.RemoteWebDriver.startSession(RemoteWebDriver.java:213)
at org.openqa.selenium.remote.RemoteWebDriver.<init>(RemoteWebDriver.java:131)
at org.openqa.selenium.chrome.ChromeDriver.<init>(ChromeDriver.java:181)
at org.openqa.selenium.chrome.ChromeDriver.<init>(ChromeDriver.java:168)
at org.openqa.selenium.chrome.ChromeDriver.<init>(ChromeDriver.java:123)
at operations.AbstractClass.SetUp(AbstractClass.java:40)
... Removed 37 stack frames]]>
    </failure>
  </testcase> <!-- @BeforeTest SetUp -->
</testsuite>
